<?xml version="1.0" encoding="UTF-8"?>
<!-- Generated by org.testng.reporters.JUnitReportReporter -->
<testsuite hostname="DESKTOP-6JOIUEA" failures="0" tests="1" name="com.sampleBanking.testCases.TC_AddCustomerTest_003" time="21.080" errors="0" timestamp="2022-05-31T17:45:47 IST" skipped="0">
  <testcase classname="com.sampleBanking.testCases.TC_AddCustomerTest_003" name="addCustomer" time="21.080"/>
  <system-out/>
</testsuite> <!-- com.sampleBanking.testCases.TC_AddCustomerTest_003 -->
