<?xml version="1.0" encoding="UTF-8"?>
<!-- Generated by org.testng.reporters.JUnitReportReporter -->
<testsuite hostname="DESKTOP-6JOIUEA" failures="0" tests="1" name="com.sampleBanking.testCases.TC_LoginPage_001" time="4.795" errors="0" timestamp="2022-06-07T15:28:06 IST" skipped="0">
  <testcase classname="com.sampleBanking.testCases.TC_LoginPage_001" name="loginTestCase" time="4.795"/>
  <system-out/>
</testsuite> <!-- com.sampleBanking.testCases.TC_LoginPage_001 -->
